mode: set
google.golang.org/grpc/internal/transport/shm/ringbuf.go:29.38,30.12 1 1
google.golang.org/grpc/internal/transport/shm/ringbuf.go:30.12,32.3 1 1
google.golang.org/grpc/internal/transport/shm/ringbuf.go:35.2,38.18 2 1
google.golang.org/grpc/internal/transport/shm/ringbuf.go:38.18,40.3 1 1
google.golang.org/grpc/internal/transport/shm/ringbuf.go:43.2,52.10 9 1
google.golang.org/grpc/internal/transport/shm/ringbuf.go:79.41,80.17 1 1
google.golang.org/grpc/internal/transport/shm/ringbuf.go:80.17,82.3 1 1
google.golang.org/grpc/internal/transport/shm/ringbuf.go:84.2,90.8 2 1
google.golang.org/grpc/internal/transport/shm/ringbuf.go:94.31,96.2 1 1
google.golang.org/grpc/internal/transport/shm/ringbuf.go:100.24,102.2 1 1
google.golang.org/grpc/internal/transport/shm/ringbuf.go:105.30,107.2 1 1
google.golang.org/grpc/internal/transport/shm/ringbuf.go:111.36,116.2 4 1
google.golang.org/grpc/internal/transport/shm/ringbuf.go:119.37,125.2 5 1
google.golang.org/grpc/internal/transport/shm/ringbuf.go:129.45,131.26 1 1
google.golang.org/grpc/internal/transport/shm/ringbuf.go:131.26,133.3 1 1
google.golang.org/grpc/internal/transport/shm/ringbuf.go:136.2,142.15 5 1
google.golang.org/grpc/internal/transport/shm/ringbuf.go:142.15,144.3 1 1
google.golang.org/grpc/internal/transport/shm/ringbuf.go:147.2,148.17 2 1
google.golang.org/grpc/internal/transport/shm/ringbuf.go:148.17,150.3 1 0
google.golang.org/grpc/internal/transport/shm/ringbuf.go:153.2,157.23 3 1
google.golang.org/grpc/internal/transport/shm/ringbuf.go:157.23,159.3 1 1
google.golang.org/grpc/internal/transport/shm/ringbuf.go:162.2,166.16 3 1
google.golang.org/grpc/internal/transport/shm/ringbuf.go:166.16,168.3 1 1
google.golang.org/grpc/internal/transport/shm/ringbuf.go:171.2,173.23 2 1
google.golang.org/grpc/internal/transport/shm/ringbuf.go:179.44,186.16 4 1
google.golang.org/grpc/internal/transport/shm/ringbuf.go:186.16,188.27 1 1
google.golang.org/grpc/internal/transport/shm/ringbuf.go:188.27,190.4 1 1
google.golang.org/grpc/internal/transport/shm/ringbuf.go:191.3,191.16 1 1
google.golang.org/grpc/internal/transport/shm/ringbuf.go:195.2,196.18 2 1
google.golang.org/grpc/internal/transport/shm/ringbuf.go:196.18,198.3 1 1
google.golang.org/grpc/internal/transport/shm/ringbuf.go:201.2,205.23 3 1
google.golang.org/grpc/internal/transport/shm/ringbuf.go:205.23,207.3 1 1
google.golang.org/grpc/internal/transport/shm/ringbuf.go:210.2,214.16 3 1
google.golang.org/grpc/internal/transport/shm/ringbuf.go:214.16,216.3 1 1
google.golang.org/grpc/internal/transport/shm/ringbuf.go:219.2,221.23 2 1
google.golang.org/grpc/internal/transport/shm/ringbuf.go:228.61,230.26 1 1
google.golang.org/grpc/internal/transport/shm/ringbuf.go:230.26,232.3 1 1
google.golang.org/grpc/internal/transport/shm/ringbuf.go:235.2,235.12 1 1
google.golang.org/grpc/internal/transport/shm/ringbuf.go:235.12,237.3 1 1
google.golang.org/grpc/internal/transport/shm/ringbuf.go:240.2,246.22 5 1
google.golang.org/grpc/internal/transport/shm/ringbuf.go:246.22,248.3 1 1
google.golang.org/grpc/internal/transport/shm/ringbuf.go:251.2,255.23 3 1
google.golang.org/grpc/internal/transport/shm/ringbuf.go:255.23,257.3 1 1
google.golang.org/grpc/internal/transport/shm/ringbuf.go:260.2,264.16 3 1
google.golang.org/grpc/internal/transport/shm/ringbuf.go:264.16,266.3 1 1
google.golang.org/grpc/internal/transport/shm/ringbuf.go:268.2,268.21 1 1
google.golang.org/grpc/internal/transport/shm/ringbuf.go:273.35,274.11 1 1
google.golang.org/grpc/internal/transport/shm/ringbuf.go:274.11,276.3 1 1
google.golang.org/grpc/internal/transport/shm/ringbuf.go:282.57,284.12 1 1
google.golang.org/grpc/internal/transport/shm/ringbuf.go:284.12,286.3 1 1
google.golang.org/grpc/internal/transport/shm/ringbuf.go:289.2,294.16 4 1
google.golang.org/grpc/internal/transport/shm/ringbuf.go:294.16,296.3 1 1
google.golang.org/grpc/internal/transport/shm/ringbuf.go:299.2,300.18 2 1
google.golang.org/grpc/internal/transport/shm/ringbuf.go:300.18,302.3 1 0
google.golang.org/grpc/internal/transport/shm/ringbuf.go:305.2,309.23 3 1
google.golang.org/grpc/internal/transport/shm/ringbuf.go:309.23,311.3 1 1
google.golang.org/grpc/internal/transport/shm/ringbuf.go:314.2,318.16 3 1
google.golang.org/grpc/internal/transport/shm/ringbuf.go:318.16,320.3 1 1
google.golang.org/grpc/internal/transport/shm/ringbuf.go:322.2,322.21 1 1
google.golang.org/grpc/internal/transport/shm/ringbuf.go:326.34,327.11 1 1
google.golang.org/grpc/internal/transport/shm/ringbuf.go:327.11,329.3 1 1
